app/build/intermediates/manifest_merge_blame_file/debug/manifest-merger-blame-debug-report.txt
1<?xml version="1.0" encoding="utf-8"?>
2<manifest xmlns:android="http://schemas.android.com/apk/res/android"
3    package="com.example.zenpcenterprise"
4    android:versionCode="1"
5    android:versionName="1.0" >
6
7    <uses-sdk
8        android:minSdkVersion="21"
8-->src\main\AndroidManifest.xml
9        android:targetSdkVersion="32" />
9-->src\main\AndroidManifest.xml
10
11    <uses-permission android:name="android.permission.INTERNET" />
11-->src\main\AndroidManifest.xml:5:5-67
11-->src\main\AndroidManifest.xml:5:22-64
12    <uses-permission android:name="android.permission.ACCESS_NETWORK_STATE" />
12-->src\main\AndroidManifest.xml:6:5-79
12-->src\main\AndroidManifest.xml:6:22-76
13    <uses-permission android:name="android.permission.WAKE_LOCK" />
13-->[com.google.android.gms:play-services-measurement-api:21.0.0] AndroidManifest.xml:24:5-68
13-->[com.google.android.gms:play-services-measurement-api:21.0.0] AndroidManifest.xml:24:22-65
14    <uses-permission android:name="com.google.android.gms.permission.AD_ID" />
14-->[com.google.android.gms:play-services-measurement-api:21.0.0] AndroidManifest.xml:25:5-79
14-->[com.google.android.gms:play-services-measurement-api:21.0.0] AndroidManifest.xml:25:22-76
15    <uses-permission android:name="com.google.android.finsky.permission.BIND_GET_INSTALL_REFERRER_SERVICE" />
15-->[com.google.android.gms:play-services-measurement:21.0.0] AndroidManifest.xml:26:5-110
15-->[com.google.android.gms:play-services-measurement:21.0.0] AndroidManifest.xml:26:22-107
16
17    <application
17-->src\main\AndroidManifest.xml:8:5-112:19
18        android:allowBackup="true"
18-->src\main\AndroidManifest.xml:9:9-35
19        android:appComponentFactory="androidx.core.app.CoreComponentFactory"
19-->[androidx.core:core:1.7.0] AndroidManifest.xml:24:18-86
20        android:debuggable="true"
21        android:icon="@mipmap/ic_launcher"
21-->src\main\AndroidManifest.xml:10:9-43
22        android:label="@string/app_name"
22-->src\main\AndroidManifest.xml:11:9-41
23        android:roundIcon="@mipmap/ic_launcher_round"
23-->src\main\AndroidManifest.xml:12:9-54
24        android:supportsRtl="true"
24-->src\main\AndroidManifest.xml:13:9-35
25        android:testOnly="true"
26        android:theme="@style/Theme.ZenPCEnterprise" >
26-->src\main\AndroidManifest.xml:14:9-53
27        <activity
27-->src\main\AndroidManifest.xml:15:9-17:40
28            android:name="com.example.zenpcenterprise.StaffViewCaseActivity"
28-->src\main\AndroidManifest.xml:16:13-50
29            android:exported="false" />
29-->src\main\AndroidManifest.xml:17:13-37
30        <activity
30-->src\main\AndroidManifest.xml:18:9-20:40
31            android:name="com.example.zenpcenterprise.StaffViewPSUActivity"
31-->src\main\AndroidManifest.xml:19:13-49
32            android:exported="false" />
32-->src\main\AndroidManifest.xml:20:13-37
33        <activity
33-->src\main\AndroidManifest.xml:21:9-23:40
34            android:name="com.example.zenpcenterprise.StaffViewStorageActivity"
34-->src\main\AndroidManifest.xml:22:13-53
35            android:exported="false" />
35-->src\main\AndroidManifest.xml:23:13-37
36        <activity
36-->src\main\AndroidManifest.xml:24:9-26:40
37            android:name="com.example.zenpcenterprise.StaffViewGPUActivity"
37-->src\main\AndroidManifest.xml:25:13-49
38            android:exported="false" />
38-->src\main\AndroidManifest.xml:26:13-37
39        <activity
39-->src\main\AndroidManifest.xml:27:9-29:40
40            android:name="com.example.zenpcenterprise.StaffViewRAMActivity"
40-->src\main\AndroidManifest.xml:28:13-49
41            android:exported="false" />
41-->src\main\AndroidManifest.xml:29:13-37
42        <activity
42-->src\main\AndroidManifest.xml:30:9-32:40
43            android:name="com.example.zenpcenterprise.StaffViewMotherboardActivity"
43-->src\main\AndroidManifest.xml:31:13-57
44            android:exported="false" />
44-->src\main\AndroidManifest.xml:32:13-37
45        <activity
45-->src\main\AndroidManifest.xml:33:9-35:40
46            android:name="com.example.zenpcenterprise.StaffViewCPUCoolingActivity"
46-->src\main\AndroidManifest.xml:34:13-56
47            android:exported="false" />
47-->src\main\AndroidManifest.xml:35:13-37
48        <activity
48-->src\main\AndroidManifest.xml:36:9-38:40
49            android:name="com.example.zenpcenterprise.StaffViewCPUActivity"
49-->src\main\AndroidManifest.xml:37:13-49
50            android:exported="false" />
50-->src\main\AndroidManifest.xml:38:13-37
51        <activity
51-->src\main\AndroidManifest.xml:39:9-41:40
52            android:name="com.example.zenpcenterprise.StaffViewProductsActivity"
52-->src\main\AndroidManifest.xml:40:13-54
53            android:exported="false" />
53-->src\main\AndroidManifest.xml:41:13-37
54        <activity
54-->src\main\AndroidManifest.xml:42:9-44:40
55            android:name="com.example.zenpcenterprise.changePCPartActivity"
55-->src\main\AndroidManifest.xml:43:13-49
56            android:exported="false" />
56-->src\main\AndroidManifest.xml:44:13-37
57        <activity
57-->src\main\AndroidManifest.xml:45:9-47:40
58            android:name="com.example.zenpcenterprise.generateBuildPCActivity"
58-->src\main\AndroidManifest.xml:46:13-52
59            android:exported="false" />
59-->src\main\AndroidManifest.xml:47:13-37
60        <activity
60-->src\main\AndroidManifest.xml:48:9-50:40
61            android:name="com.example.zenpcenterprise.buildPCActivity"
61-->src\main\AndroidManifest.xml:49:13-44
62            android:exported="false" />
62-->src\main\AndroidManifest.xml:50:13-37
63        <activity
63-->src\main\AndroidManifest.xml:51:9-53:40
64            android:name="com.example.zenpcenterprise.AddCaseActivity"
64-->src\main\AndroidManifest.xml:52:13-44
65            android:exported="false" />
65-->src\main\AndroidManifest.xml:53:13-37
66        <activity
66-->src\main\AndroidManifest.xml:54:9-56:40
67            android:name="com.example.zenpcenterprise.AddPSUActivity"
67-->src\main\AndroidManifest.xml:55:13-43
68            android:exported="false" />
68-->src\main\AndroidManifest.xml:56:13-37
69        <activity
69-->src\main\AndroidManifest.xml:57:9-59:40
70            android:name="com.example.zenpcenterprise.AddStorageActivity"
70-->src\main\AndroidManifest.xml:58:13-47
71            android:exported="false" />
71-->src\main\AndroidManifest.xml:59:13-37
72        <activity
72-->src\main\AndroidManifest.xml:60:9-62:40
73            android:name="com.example.zenpcenterprise.AddGPUActivity"
73-->src\main\AndroidManifest.xml:61:13-43
74            android:exported="false" />
74-->src\main\AndroidManifest.xml:62:13-37
75        <activity
75-->src\main\AndroidManifest.xml:63:9-65:40
76            android:name="com.example.zenpcenterprise.AddRAMActivity"
76-->src\main\AndroidManifest.xml:64:13-43
77            android:exported="false" />
77-->src\main\AndroidManifest.xml:65:13-37
78        <activity
78-->src\main\AndroidManifest.xml:66:9-68:40
79            android:name="com.example.zenpcenterprise.AddMotherboardActivity"
79-->src\main\AndroidManifest.xml:67:13-51
80            android:exported="false" />
80-->src\main\AndroidManifest.xml:68:13-37
81        <activity
81-->src\main\AndroidManifest.xml:69:9-71:40
82            android:name="com.example.zenpcenterprise.AddCPUCoolingActivity"
82-->src\main\AndroidManifest.xml:70:13-50
83            android:exported="false" />
83-->src\main\AndroidManifest.xml:71:13-37
84        <activity
84-->src\main\AndroidManifest.xml:72:9-74:40
85            android:name="com.example.zenpcenterprise.AddCPUActivity"
85-->src\main\AndroidManifest.xml:73:13-43
86            android:exported="false" />
86-->src\main\AndroidManifest.xml:74:13-37
87        <activity
87-->src\main\AndroidManifest.xml:75:9-77:40
88            android:name="com.example.zenpcenterprise.AddProductsActivity"
88-->src\main\AndroidManifest.xml:76:13-48
89            android:exported="false" />
89-->src\main\AndroidManifest.xml:77:13-37
90        <activity
90-->src\main\AndroidManifest.xml:78:9-80:40
91            android:name="com.example.zenpcenterprise.StaffProfileActivity"
91-->src\main\AndroidManifest.xml:79:13-49
92            android:exported="false" />
92-->src\main\AndroidManifest.xml:80:13-37
93        <activity
93-->src\main\AndroidManifest.xml:81:9-83:40
94            android:name="com.example.zenpcenterprise.StaffHomeActivity"
94-->src\main\AndroidManifest.xml:82:13-46
95            android:exported="false" />
95-->src\main\AndroidManifest.xml:83:13-37
96        <activity
96-->src\main\AndroidManifest.xml:84:9-86:40
97            android:name="com.example.zenpcenterprise.StaffLoginActivity"
97-->src\main\AndroidManifest.xml:85:13-47
98            android:exported="false" />
98-->src\main\AndroidManifest.xml:86:13-37
99        <activity
99-->src\main\AndroidManifest.xml:87:9-89:40
100            android:name="com.example.zenpcenterprise.UpdateProfileActivity"
100-->src\main\AndroidManifest.xml:88:13-50
101            android:exported="false" />
101-->src\main\AndroidManifest.xml:89:13-37
102        <activity
102-->src\main\AndroidManifest.xml:90:9-92:40
103            android:name="com.example.zenpcenterprise.ProfileActivity"
103-->src\main\AndroidManifest.xml:91:13-44
104            android:exported="false" />
104-->src\main\AndroidManifest.xml:92:13-37
105        <activity
105-->src\main\AndroidManifest.xml:93:9-95:40
106            android:name="com.example.zenpcenterprise.RegisterActivity"
106-->src\main\AndroidManifest.xml:94:13-45
107            android:exported="false" />
107-->src\main\AndroidManifest.xml:95:13-37
108        <activity
108-->src\main\AndroidManifest.xml:96:9-98:40
109            android:name="com.example.zenpcenterprise.HomeActivity"
109-->src\main\AndroidManifest.xml:97:13-41
110            android:exported="false" />
110-->src\main\AndroidManifest.xml:98:13-37
111        <activity
111-->src\main\AndroidManifest.xml:99:9-101:40
112            android:name="com.example.zenpcenterprise.LoginActivity"
112-->src\main\AndroidManifest.xml:100:13-42
113            android:exported="false" />
113-->src\main\AndroidManifest.xml:101:13-37
114        <activity
114-->src\main\AndroidManifest.xml:102:9-111:20
115            android:name="com.example.zenpcenterprise.SplashActivity"
115-->src\main\AndroidManifest.xml:103:13-43
116            android:exported="true"
116-->src\main\AndroidManifest.xml:104:13-36
117            android:theme="@style/Theme.ZenPCEnterprise.NoActionBar" >
117-->src\main\AndroidManifest.xml:105:13-69
118            <intent-filter>
118-->src\main\AndroidManifest.xml:106:13-110:29
119                <action android:name="android.intent.action.MAIN" />
119-->src\main\AndroidManifest.xml:107:17-69
119-->src\main\AndroidManifest.xml:107:25-66
120
121                <category android:name="android.intent.category.LAUNCHER" />
121-->src\main\AndroidManifest.xml:109:17-77
121-->src\main\AndroidManifest.xml:109:27-74
122            </intent-filter>
123        </activity>
124
125        <service
125-->[com.google.firebase:firebase-database:20.0.5] AndroidManifest.xml:29:9-35:19
126            android:name="com.google.firebase.components.ComponentDiscoveryService"
126-->[com.google.firebase:firebase-database:20.0.5] AndroidManifest.xml:30:13-84
127            android:directBootAware="true"
127-->[com.google.firebase:firebase-common:20.1.1] AndroidManifest.xml:35:13-43
128            android:exported="false" >
128-->[com.google.firebase:firebase-database:20.0.5] AndroidManifest.xml:31:13-37
129            <meta-data
129-->[com.google.firebase:firebase-database:20.0.5] AndroidManifest.xml:32:13-34:85
130                android:name="com.google.firebase.components:com.google.firebase.database.DatabaseRegistrar"
130-->[com.google.firebase:firebase-database:20.0.5] AndroidManifest.xml:33:17-109
131                android:value="com.google.firebase.components.ComponentRegistrar" />
131-->[com.google.firebase:firebase-database:20.0.5] AndroidManifest.xml:34:17-82
132            <meta-data
132-->[com.google.firebase:firebase-auth:21.0.5] AndroidManifest.xml:67:13-69:85
133                android:name="com.google.firebase.components:com.google.firebase.auth.FirebaseAuthRegistrar"
133-->[com.google.firebase:firebase-auth:21.0.5] AndroidManifest.xml:68:17-109
134                android:value="com.google.firebase.components.ComponentRegistrar" />
134-->[com.google.firebase:firebase-auth:21.0.5] AndroidManifest.xml:69:17-82
135            <meta-data
135-->[com.google.firebase:firebase-firestore:24.1.2] AndroidManifest.xml:20:13-22:85
136                android:name="com.google.firebase.components:com.google.firebase.firestore.FirestoreRegistrar"
136-->[com.google.firebase:firebase-firestore:24.1.2] AndroidManifest.xml:21:17-111
137                android:value="com.google.firebase.components.ComponentRegistrar" />
137-->[com.google.firebase:firebase-firestore:24.1.2] AndroidManifest.xml:22:17-82
138            <meta-data
138-->[com.google.firebase:firebase-storage:20.0.1] AndroidManifest.xml:33:13-35:85
139                android:name="com.google.firebase.components:com.google.firebase.storage.StorageRegistrar"
139-->[com.google.firebase:firebase-storage:20.0.1] AndroidManifest.xml:34:17-107
140                android:value="com.google.firebase.components.ComponentRegistrar" />
140-->[com.google.firebase:firebase-storage:20.0.1] AndroidManifest.xml:35:17-82
141            <meta-data
141-->[com.google.android.gms:play-services-measurement-api:21.0.0] AndroidManifest.xml:31:13-33:85
142                android:name="com.google.firebase.components:com.google.firebase.analytics.connector.internal.AnalyticsConnectorRegistrar"
142-->[com.google.android.gms:play-services-measurement-api:21.0.0] AndroidManifest.xml:32:17-139
143                android:value="com.google.firebase.components.ComponentRegistrar" />
143-->[com.google.android.gms:play-services-measurement-api:21.0.0] AndroidManifest.xml:33:17-82
144            <meta-data
144-->[com.google.firebase:firebase-installations:17.0.1] AndroidManifest.xml:18:13-20:85
145                android:name="com.google.firebase.components:com.google.firebase.installations.FirebaseInstallationsRegistrar"
145-->[com.google.firebase:firebase-installations:17.0.1] AndroidManifest.xml:19:17-127
146                android:value="com.google.firebase.components.ComponentRegistrar" />
146-->[com.google.firebase:firebase-installations:17.0.1] AndroidManifest.xml:20:17-82
147        </service>
148
149        <activity
149-->[com.google.firebase:firebase-auth:21.0.5] AndroidManifest.xml:27:9-44:20
150            android:name="com.google.firebase.auth.internal.GenericIdpActivity"
150-->[com.google.firebase:firebase-auth:21.0.5] AndroidManifest.xml:28:13-80
151            android:excludeFromRecents="true"
151-->[com.google.firebase:firebase-auth:21.0.5] AndroidManifest.xml:29:13-46
152            android:exported="true"
152-->[com.google.firebase:firebase-auth:21.0.5] AndroidManifest.xml:30:13-36
153            android:launchMode="singleTask"
153-->[com.google.firebase:firebase-auth:21.0.5] AndroidManifest.xml:31:13-44
154            android:theme="@android:style/Theme.Translucent.NoTitleBar" >
154-->[com.google.firebase:firebase-auth:21.0.5] AndroidManifest.xml:32:13-72
155            <intent-filter>
155-->[com.google.firebase:firebase-auth:21.0.5] AndroidManifest.xml:33:13-43:29
156                <action android:name="android.intent.action.VIEW" />
156-->[com.google.firebase:firebase-auth:21.0.5] AndroidManifest.xml:34:17-69
156-->[com.google.firebase:firebase-auth:21.0.5] AndroidManifest.xml:34:25-66
157
158                <category android:name="android.intent.category.DEFAULT" />
158-->[com.google.firebase:firebase-auth:21.0.5] AndroidManifest.xml:36:17-76
158-->[com.google.firebase:firebase-auth:21.0.5] AndroidManifest.xml:36:27-73
159                <category android:name="android.intent.category.BROWSABLE" />
159-->[com.google.firebase:firebase-auth:21.0.5] AndroidManifest.xml:37:17-78
159-->[com.google.firebase:firebase-auth:21.0.5] AndroidManifest.xml:37:27-75
160
161                <data
161-->[com.google.firebase:firebase-auth:21.0.5] AndroidManifest.xml:39:17-42:51
162                    android:host="firebase.auth"
162-->[com.google.firebase:firebase-auth:21.0.5] AndroidManifest.xml:40:21-49
163                    android:path="/"
163-->[com.google.firebase:firebase-auth:21.0.5] AndroidManifest.xml:41:21-37
164                    android:scheme="genericidp" />
164-->[com.google.firebase:firebase-auth:21.0.5] AndroidManifest.xml:42:21-48
165            </intent-filter>
166        </activity>
167        <activity
167-->[com.google.firebase:firebase-auth:21.0.5] AndroidManifest.xml:45:9-62:20
168            android:name="com.google.firebase.auth.internal.RecaptchaActivity"
168-->[com.google.firebase:firebase-auth:21.0.5] AndroidManifest.xml:46:13-79
169            android:excludeFromRecents="true"
169-->[com.google.firebase:firebase-auth:21.0.5] AndroidManifest.xml:47:13-46
170            android:exported="true"
170-->[com.google.firebase:firebase-auth:21.0.5] AndroidManifest.xml:48:13-36
171            android:launchMode="singleTask"
171-->[com.google.firebase:firebase-auth:21.0.5] AndroidManifest.xml:49:13-44
172            android:theme="@android:style/Theme.Translucent.NoTitleBar" >
172-->[com.google.firebase:firebase-auth:21.0.5] AndroidManifest.xml:50:13-72
173            <intent-filter>
173-->[com.google.firebase:firebase-auth:21.0.5] AndroidManifest.xml:51:13-61:29
174                <action android:name="android.intent.action.VIEW" />
174-->[com.google.firebase:firebase-auth:21.0.5] AndroidManifest.xml:34:17-69
174-->[com.google.firebase:firebase-auth:21.0.5] AndroidManifest.xml:34:25-66
175
176                <category android:name="android.intent.category.DEFAULT" />
176-->[com.google.firebase:firebase-auth:21.0.5] AndroidManifest.xml:36:17-76
176-->[com.google.firebase:firebase-auth:21.0.5] AndroidManifest.xml:36:27-73
177                <category android:name="android.intent.category.BROWSABLE" />
177-->[com.google.firebase:firebase-auth:21.0.5] AndroidManifest.xml:37:17-78
177-->[com.google.firebase:firebase-auth:21.0.5] AndroidManifest.xml:37:27-75
178
179                <data
179-->[com.google.firebase:firebase-auth:21.0.5] AndroidManifest.xml:39:17-42:51
180                    android:host="firebase.auth"
180-->[com.google.firebase:firebase-auth:21.0.5] AndroidManifest.xml:40:21-49
181                    android:path="/"
181-->[com.google.firebase:firebase-auth:21.0.5] AndroidManifest.xml:41:21-37
182                    android:scheme="recaptcha" />
182-->[com.google.firebase:firebase-auth:21.0.5] AndroidManifest.xml:42:21-48
183            </intent-filter>
184        </activity>
185        <activity
185-->[com.google.android.gms:play-services-base:18.0.1] AndroidManifest.xml:20:9-22:45
186            android:name="com.google.android.gms.common.api.GoogleApiActivity"
186-->[com.google.android.gms:play-services-base:18.0.1] AndroidManifest.xml:20:19-85
187            android:exported="false"
187-->[com.google.android.gms:play-services-base:18.0.1] AndroidManifest.xml:22:19-43
188            android:theme="@android:style/Theme.Translucent.NoTitleBar" />
188-->[com.google.android.gms:play-services-base:18.0.1] AndroidManifest.xml:21:19-78
189
190        <provider
190-->[com.google.firebase:firebase-common:20.1.1] AndroidManifest.xml:26:9-31:39
191            android:name="com.google.firebase.provider.FirebaseInitProvider"
191-->[com.google.firebase:firebase-common:20.1.1] AndroidManifest.xml:27:13-77
192            android:authorities="com.example.zenpcenterprise.firebaseinitprovider"
192-->[com.google.firebase:firebase-common:20.1.1] AndroidManifest.xml:28:13-72
193            android:directBootAware="true"
193-->[com.google.firebase:firebase-common:20.1.1] AndroidManifest.xml:29:13-43
194            android:exported="false"
194-->[com.google.firebase:firebase-common:20.1.1] AndroidManifest.xml:30:13-37
195            android:initOrder="100" />
195-->[com.google.firebase:firebase-common:20.1.1] AndroidManifest.xml:31:13-36
196
197        <receiver
197-->[com.google.android.gms:play-services-measurement:21.0.0] AndroidManifest.xml:29:9-33:20
198            android:name="com.google.android.gms.measurement.AppMeasurementReceiver"
198-->[com.google.android.gms:play-services-measurement:21.0.0] AndroidManifest.xml:30:13-85
199            android:enabled="true"
199-->[com.google.android.gms:play-services-measurement:21.0.0] AndroidManifest.xml:31:13-35
200            android:exported="false" >
200-->[com.google.android.gms:play-services-measurement:21.0.0] AndroidManifest.xml:32:13-37
201        </receiver>
202
203        <service
203-->[com.google.android.gms:play-services-measurement:21.0.0] AndroidManifest.xml:35:9-38:40
204            android:name="com.google.android.gms.measurement.AppMeasurementService"
204-->[com.google.android.gms:play-services-measurement:21.0.0] AndroidManifest.xml:36:13-84
205            android:enabled="true"
205-->[com.google.android.gms:play-services-measurement:21.0.0] AndroidManifest.xml:37:13-35
206            android:exported="false" />
206-->[com.google.android.gms:play-services-measurement:21.0.0] AndroidManifest.xml:38:13-37
207        <service
207-->[com.google.android.gms:play-services-measurement:21.0.0] AndroidManifest.xml:39:9-43:72
208            android:name="com.google.android.gms.measurement.AppMeasurementJobService"
208-->[com.google.android.gms:play-services-measurement:21.0.0] AndroidManifest.xml:40:13-87
209            android:enabled="true"
209-->[com.google.android.gms:play-services-measurement:21.0.0] AndroidManifest.xml:41:13-35
210            android:exported="false"
210-->[com.google.android.gms:play-services-measurement:21.0.0] AndroidManifest.xml:42:13-37
211            android:permission="android.permission.BIND_JOB_SERVICE" />
211-->[com.google.android.gms:play-services-measurement:21.0.0] AndroidManifest.xml:43:13-69
212
213        <meta-data
213-->[com.google.android.gms:play-services-basement:18.0.0] AndroidManifest.xml:21:9-23:69
214            android:name="com.google.android.gms.version"
214-->[com.google.android.gms:play-services-basement:18.0.0] AndroidManifest.xml:22:13-58
215            android:value="@integer/google_play_services_version" />
215-->[com.google.android.gms:play-services-basement:18.0.0] AndroidManifest.xml:23:13-66
216
217        <provider
217-->[androidx.emoji2:emoji2:1.0.0] AndroidManifest.xml:26:9-34:20
218            android:name="androidx.startup.InitializationProvider"
218-->[androidx.emoji2:emoji2:1.0.0] AndroidManifest.xml:27:13-67
219            android:authorities="com.example.zenpcenterprise.androidx-startup"
219-->[androidx.emoji2:emoji2:1.0.0] AndroidManifest.xml:28:13-68
220            android:exported="false" >
220-->[androidx.emoji2:emoji2:1.0.0] AndroidManifest.xml:29:13-37
221            <meta-data
221-->[androidx.emoji2:emoji2:1.0.0] AndroidManifest.xml:31:13-33:52
222                android:name="androidx.emoji2.text.EmojiCompatInitializer"
222-->[androidx.emoji2:emoji2:1.0.0] AndroidManifest.xml:32:17-75
223                android:value="androidx.startup" />
223-->[androidx.emoji2:emoji2:1.0.0] AndroidManifest.xml:33:17-49
224            <meta-data
224-->[androidx.lifecycle:lifecycle-process:2.4.0] AndroidManifest.xml:31:13-33:52
225                android:name="androidx.lifecycle.ProcessLifecycleInitializer"
225-->[androidx.lifecycle:lifecycle-process:2.4.0] AndroidManifest.xml:32:17-78
226                android:value="androidx.startup" />
226-->[androidx.lifecycle:lifecycle-process:2.4.0] AndroidManifest.xml:33:17-49
227        </provider>
228    </application>
229
230</manifest>